commit b50627578b1d8bea8780c7a0b08ce47bbbd35c2f
Merge: e5eff52 9bd63d9
Author: John Harvey <jharvey3@email.mot.com>
Date:   Tue Jul 28 16:25:39 2009 -0500

    Merge tag 'morrison-0_9-release-0_9_9' of /proj/repo01/product/calgary/morrison/platform/platform/external/iperf into par_n_il93_morrison99

commit 9bd63d9b517a0e5064eda4b2e542863ffa151746
Author: Fenwick Peng <fenwick.peng@motorola.com>
Date:   Thu Jul 9 15:10:47 2009 -0500

    Notice file update

commit e5eff52a892a0c3f461e475acb5f1100c3966e47
Merge: b01e551 abc24e3
Author: John Harvey <jharvey3@email.mot.com>
Date:   Tue Jul 7 11:20:25 2009 -0500

    Merge tag 'morrison-stable-0_9_4' of /proj/repo01/product/calgary/morrison/platform/platform/external/iperf into par_x_cdmaccalg_merge_viper_094

commit abc24e3c1c37f4176180e1c31f3b51cf4bfe0894
Author: Dmitry Ornatsky <ornatsky@motorola.com>
Date:   Mon Jun 22 17:07:16 2009 -0500

    bug9517 merged for 6375

commit b01e5515f937260e55c53ab9b49848d1f6194fc7
Merge: 6ce7eef 7de3704
Author: John Harvey <jharvey3@email.mot.com>
Date:   Tue Jun 9 13:35:30 2009 -0500

    Merge tag 'morrison-stable-0_8_5' of /proj/repo01/product/zeppelin/platform/external/iperf into par_x_cdmaccalg_merge_viper_085

commit 6ce7eef80f3161677760e9524feb2c6109bd6ff0
Merge: 614d9ae fe3b5da
Author: John Harvey <jharvey3@email.mot.com>
Date:   Thu Apr 30 15:25:14 2009 -0500

    Merge tag 'morrison-stable-0_7_2' of ssh://10.22.70.247/home/csw000/morrison/platform/external/iperf into par_n_il93_calgary

commit 7de3704d1ee50017b180b63ee09d349ab027b54d
Merge: fe3b5da 79cde61
Author: Wang Qi <e6537c@motorola.com>
Date:   Thu Apr 30 10:40:26 2009 -0700

    Merge commit 'repo-blurdev/syssw-cupcake-integration' into aci-ssw-merge

commit 79cde616bc079e9dbc374ffa59caf3d3c6377a9a
Author: Andrew Wheeler <thf876@dynamo.am.mot.com>
Date:   Mon Apr 27 18:38:46 2009 -0500

    initial commit from 6365-ohd-mot-built-4.tgz

commit 614d9aef75f86e5178c71b0f1bf11f96038061af
Merge: 5263e1c 768f7d2
Author: John Harvey <jharvey3@email.mot.com>
Date:   Mon Apr 27 18:24:57 2009 -0500

    Merge tag 'all-cupcake-integration-0_6_13' of ssh://10.22.70.247/home/csw000/morrison/platform/external/iperf into par_n_il93_calgary

commit 5263e1c67022f7266fa75393c45e2a0d2c4b0bb7
Author: John Harvey <jharvey3@masonite2.(none)>
Date:   Mon Apr 27 10:49:34 2009 -0500

    initial repo

commit fe3b5da5f6bb8f5527a4607cdd294de7d9b89da8
Merge: bfab746 768f7d2
Author: Andrew Wheeler <thf876@dynamo.am.mot.com>
Date:   Wed Apr 15 22:58:37 2009 -0500

    Merge commit 'arsenal-qcom/sv-stable' into int

commit bfab7468353d3179792c332347f4d3aabeb995e0
Author: Andrew Wheeler <thf876@dynamo.am.mot.com>
Date:   Wed Apr 1 06:13:36 2009 -0500

    initial commit

commit 768f7d25f460e9fb953c25cf1f10b33ae74e2a8b
Merge: c8ba0ff e73de23
Author: Andrew Wheeler <awheeler@motorola.com>
Date:   Thu Mar 12 21:10:26 2009 -0500

    Merge commit 'arsenal-dev/master' into sv-master

commit c8ba0ff3561832926250902e9a779c3f84f85b9e
Author: Rex Tener <mcjw73@motorola.com>
Date:   Thu Mar 5 23:13:17 2009 -0800

    Add .empty to make repo cloneable.

commit e73de23e0ce3f4a9ca0ee2e1829821f28b36ce2b
Author: Andrew Wheeler <awheeler@motorola.com>
Date:   Tue Mar 3 17:41:38 2009 -0600

    initial commit
